[    0.000000] Initializing cgroup subsys cpuset
[    0.000000] Initializing cgroup subsys cpu
[    0.000000] Initializing cgroup subsys cpuacct
[    0.000000] Linux version 4.4.0-197-generic (buildd@lcy01-amd64-026) (gcc version 5.4.0 20160609 (Ubuntu 5.4.0-6ubuntu1~16.04.12) ) #229-Ubuntu SMP Wed Nov 25 11:05:42 UTC 2020 (Ubuntu 4.4.0-197.229-generic 4.4.241)
[    0.000000] Command line: BOOT_IMAGE=/boot/vmlinuz-4.4.0-197-generic root=LABEL=cloudimg-rootfs ro console=tty1 console=ttyS0
[    0.000000] KERNEL supported cpus:
[    0.000000]   Intel GenuineIntel
[    0.000000]   AMD AuthenticAMD
[    0.000000]   Centaur CentaurHauls
[    0.000000] x86/fpu: Legacy x87 FPU detected.
[    0.000000] e820: BIOS-provided physical RAM map:
[    0.000000] BIOS-e820: [mem 0x0000000000000000-0x000000000009fbff] usable
[    0.000000] BIOS-e820: [mem 0x000000000009fc00-0x000000000009ffff] reserved
[    0.000000] BIOS-e820: [mem 0x00000000000f0000-0x00000000000fffff] reserved
[    0.000000] BIOS-e820: [mem 0x0000000000100000-0x000000003ffeffff] usable
[    0.000000] BIOS-e820: [mem 0x000000003fff0000-0x000000003fffffff] ACPI data
[    0.000000] BIOS-e820: [mem 0x00000000fec00000-0x00000000fec00fff] reserved
[    0.000000] BIOS-e820: [mem 0x00000000fee00000-0x00000000fee00fff] reserved
[    0.000000] BIOS-e820: [mem 0x00000000fffc0000-0x00000000ffffffff] reserved
[    0.000000] NX (Execute Disable) protection: active
[    0.000000] SMBIOS 2.5 present.
[    0.000000] Hypervisor detected: KVM
[    0.000000] e820: last_pfn = 0x3fff0 max_arch_pfn = 0x400000000
[    0.000000] MTRR: Disabled
[    0.000000] x86/PAT: MTRRs disabled, skipping PAT initialization too.
[    0.000000] CPU MTRRs all blank - virtualized system.
[    0.000000] x86/PAT: Configuration [0-7]: WB  WT  UC- UC  WB  WT  UC- UC  
[    0.000000] found SMP MP-table at [mem 0x0009fff0-0x0009ffff] mapped at [ffff88000009fff0]
[    0.000000] Scanning 1 areas for low memory corruption
[    0.000000] RAMDISK: [mem 0x362de000-0x37166fff]
[    0.000000] ACPI: Early table checksum verification disabled
[    0.000000] ACPI: RSDP 0x00000000000E0000 000024 (v02 VBOX  )
[    0.000000] ACPI: XSDT 0x000000003FFF0030 00003C (v01 VBOX   VBOXXSDT 00000001 ASL  00000061)
[    0.000000] ACPI: FACP 0x000000003FFF00F0 0000F4 (v04 VBOX   VBOXFACP 00000001 ASL  00000061)
[    0.000000] ACPI: DSDT 0x000000003FFF0470 002325 (v02 VBOX   VBOXBIOS 00000002 INTL 20100528)
[    0.000000] ACPI: FACS 0x000000003FFF0200 000040
[    0.000000] ACPI: FACS 0x000000003FFF0200 000040
[    0.000000] ACPI: APIC 0x000000003FFF0240 000054 (v02 VBOX   VBOXAPIC 00000001 ASL  00000061)
[    0.000000] ACPI: SSDT 0x000000003FFF02A0 0001CC (v01 VBOX   VBOXCPUT 00000002 INTL 20100528)
[    0.000000] No NUMA configuration found
[    0.000000] Faking a node at [mem 0x0000000000000000-0x000000003ffeffff]
[    0.000000] NODE_DATA(0) allocated [mem 0x3ffeb000-0x3ffeffff]
[    0.000000] kvm-clock: Using msrs 4b564d01 and 4b564d00
[    0.000000] kvm-clock: cpu 0, msr 0:3ffe3001, primary cpu clock
[    0.000000] kvm-clock: using sched offset of 16206018937 cycles
[    0.000000] clocksource: kvm-clock: mask: 0xffffffffffffffff max_cycles: 0x1cd42e4dffb, max_idle_ns: 881590591483 ns
[    0.000000] Zone ranges:
[    0.000000]   DMA      [mem 0x0000000000001000-0x0000000000ffffff]
[    0.000000]   DMA32    [mem 0x0000000001000000-0x000000003ffeffff]
[    0.000000]   Normal   empty
[    0.000000]   Device   empty
[    0.000000] Movable zone start for each node
[    0.000000] Early memory node ranges
[    0.000000]   node   0: [mem 0x0000000000001000-0x000000000009efff]
[    0.000000]   node   0: [mem 0x0000000000100000-0x000000003ffeffff]
[    0.000000] Initmem setup node 0 [mem 0x0000000000001000-0x000000003ffeffff]
[    0.000000] ACPI: PM-Timer IO Port: 0x4008
[    0.000000] IOAPIC[0]: apic_id 1, version 32, address 0xfec00000, GSI 0-23
[    0.000000] ACPI: INT_SRC_OVR (bus 0 bus_irq 0 global_irq 2 dfl dfl)
[    0.000000] ACPI: INT_SRC_OVR (bus 0 bus_irq 9 global_irq 9 low level)
[    0.000000] Using ACPI (MADT) for SMP configuration information
[    0.000000] smpboot: Allowing 1 CPUs, 0 hotplug CPUs
[    0.000000] PM: Registered nosave memory: [mem 0x00000000-0x00000fff]
[    0.000000] PM: Registered nosave memory: [mem 0x0009f000-0x0009ffff]
[    0.000000] PM: Registered nosave memory: [mem 0x000a0000-0x000effff]
[    0.000000] PM: Registered nosave memory: [mem 0x000f0000-0x000fffff]
[    0.000000] e820: [mem 0x40000000-0xfebfffff] available for PCI devices
[    0.000000] Booting paravirtualized kernel on KVM
[    0.000000] clocksource: refined-jiffies: mask: 0xffffffff max_cycles: 0xffffffff, max_idle_ns: 7645519600211568 ns
[    0.000000] setup_percpu: NR_CPUS:512 nr_cpumask_bits:512 nr_cpu_ids:1 nr_node_ids:1
[    0.000000] PERCPU: Embedded 33 pages/cpu @ffff88003fc00000 s95512 r8192 d31464 u2097152
[    0.000000] Built 1 zonelists in Node order, mobility grouping on.  Total pages: 257912
[    0.000000] Policy zone: DMA32
[    0.000000] Kernel command line: BOOT_IMAGE=/boot/vmlinuz-4.4.0-197-generic root=LABEL=cloudimg-rootfs ro console=tty1 console=ttyS0
[    0.000000] PID hash table entries: 4096 (order: 3, 32768 bytes)
[    0.000000] Memory: 997784K/1048120K available (8637K kernel code, 1347K rwdata, 4032K rodata, 1492K init, 1296K bss, 50336K reserved, 0K cma-reserved)
[    0.000000] SLUB: HWalign=64, Order=0-3, MinObjects=0, CPUs=1, Nodes=1
[    0.000000] Kernel/User page tables isolation: enabled
[    0.000000] Hierarchical RCU implementation.
[    0.000000] 	Build-time adjustment of leaf fanout to 64.
[    0.000000] 	RCU restricting CPUs from NR_CPUS=512 to nr_cpu_ids=1.
[    0.000000] RCU: Adjusting geometry for rcu_fanout_leaf=64, nr_cpu_ids=1
[    0.000000] NR_IRQS:33024 nr_irqs:256 16
[    0.000000] Console: colour VGA+ 80x25
[    0.000000] console [tty1] enabled
[    0.000000] console [ttyS0] enabled
[    0.000000] tsc: Detected 2393.998 MHz processor
[    4.125940] Calibrating delay loop (skipped) preset value.. 4787.99 BogoMIPS (lpj=9575992)
[    4.182940] pid_max: default: 32768 minimum: 301
[    4.222385] ACPI: Core revision 20150930
[    4.264107] ACPI: 2 ACPI AML tables successfully acquired and loaded
[    4.313945] Security Framework initialized
[    4.344083] Yama: becoming mindful.
[    4.369862] AppArmor: AppArmor initialized
[    4.398345] Dentry cache hash table entries: 131072 (order: 8, 1048576 bytes)
[    4.443052] Inode-cache hash table entries: 65536 (order: 7, 524288 bytes)
[    4.483922] Mount-cache hash table entries: 2048 (order: 2, 16384 bytes)
[    4.522804] Mountpoint-cache hash table entries: 2048 (order: 2, 16384 bytes)
[    4.566370] Initializing cgroup subsys io
[    4.595905] Initializing cgroup subsys memory
[    4.626787] Initializing cgroup subsys devices
[    4.658087] Initializing cgroup subsys freezer
[    4.687677] Initializing cgroup subsys net_cls
[    4.722381] Initializing cgroup subsys perf_event
[    4.755589] Initializing cgroup subsys net_prio
[    4.793782] Initializing cgroup subsys hugetlb
[    4.824698] Initializing cgroup subsys pids
[    4.856174] mce: CPU supports 0 MCE banks
[    4.885516] Last level iTLB entries: 4KB 512, 2MB 7, 4MB 7
[    4.920854] Last level dTLB entries: 4KB 512, 2MB 32, 4MB 32, 1GB 0
[    4.959636] Spectre V1 : Mitigation: usercopy/swapgs barriers and __user pointer sanitization
[    5.015764] Spectre V2 : Mitigation: Full generic retpoline
[    5.052437] Spectre V2 : Spectre v2 / SpectreRSB mitigation: Filling RSB on context switch
[    5.107108] Speculative Store Bypass: Vulnerable
[    5.139827] MDS: Vulnerable: Clear CPU buffers attempted, no microcode
[    5.896166] Freeing SMP alternatives memory: 36K
[    6.231093] ftrace: allocating 32346 entries in 127 pages
[    7.996777] smpboot: APIC(0) Converting physical 0 to logical package 0
[    8.015077] smpboot: Max logical packages: 1
[    8.033437] x2apic enabled
[    8.053500] Switched APIC routing to physical x2apic.
[    8.100244] ..TIMER: vector=0x30 apic1=0 pin1=2 apic2=-1 pin2=-1
[    8.235324] smpboot: CPU0: Intel(R) Xeon(R) CPU E7- 4870  @ 2.40GHz (family: 0x6, model: 0x2f, stepping: 0x2)
[    8.283461] Performance Events: unsupported p6 CPU model 47 no PMU driver, software events only.
[    8.643376] KVM setup paravirtual spinlock
[    8.674003] x86: Booted up 1 node, 1 CPUs
[    8.702622] smpboot: Total of 1 processors activated (4787.99 BogoMIPS)
[    8.747526] devtmpfs: initialized
[    8.778095] evm: security.selinux
[    8.802721] evm: security.SMACK64
[    8.826852] evm: security.SMACK64EXEC
[    8.853126] evm: security.SMACK64TRANSMUTE
[    8.880672] evm: security.SMACK64MMAP
[    8.906259] evm: security.ima
[    8.928951] evm: security.capability
[    8.955476] clocksource: jiffies: mask: 0xffffffff max_cycles: 0xffffffff, max_idle_ns: 7645041785100000 ns
[    9.019728] futex hash table entries: 256 (order: 2, 16384 bytes)
[    9.058028] pinctrl core: initialized pinctrl subsystem
[    9.099007] RTC time:  7:47:51, date: 12/26/20
[    9.130637] NET: Registered protocol family 16
[    9.162256] cpuidle: using governor ladder
[    9.192685] cpuidle: using governor menu
[    9.219875] PCCT header not found.
[    9.245631] ACPI: bus type PCI registered
[    9.273512] acpiphp: ACPI Hot Plug PCI Controller Driver version: 0.5
[    9.313780] PCI: Using configuration type 1 for base access
[    9.362471] ACPI: Added _OSI(Module Device)
[    9.392000] ACPI: Added _OSI(Processor Device)
[    9.422090] ACPI: Added _OSI(3.0 _SCP Extensions)
[    9.452832] ACPI: Added _OSI(Processor Aggregator Device)
[    9.499062] ACPI: Executed 1 blocks of module-level executable AML code
[    9.559329] ACPI: Interpreter enabled
[    9.585240] ACPI: (supports S0 S5)
[    9.610509] ACPI: Using IOAPIC for interrupt routing
[    9.643867] PCI: Using host bridge windows from ACPI; if necessary, use "pci=nocrs" and report a bug
[    9.740244] ACPI: PCI Root Bridge [PCI0] (domain 0000 [bus 00-ff])
[    9.776750] acpi PNP0A03:00: _OSC: OS supports [ASPM ClockPM Segments MSI]
[    9.820599] acpi PNP0A03:00: _OSC: not requesting OS control; OS requires [ExtendedConfig ASPM ClockPM MSI]
[    9.880584] acpi PNP0A03:00: fail to add MMCONFIG information, can't access extended PCI configuration space under this bridge.
[    9.955100] PCI host bridge to bus 0000:00
[    9.983015] pci_bus 0000:00: root bus resource [io  0x0000-0x0cf7 window]
[   10.024326] pci_bus 0000:00: root bus resource [io  0x0d00-0xffff window]
[   10.070537] pci_bus 0000:00: root bus resource [mem 0x000a0000-0x000bffff window]
[   10.120521] pci_bus 0000:00: root bus resource [mem 0x40000000-0xfdffffff window]
[   10.170658] pci_bus 0000:00: root bus resource [bus 00-ff]
[   10.262059] pci 0000:00:01.1: legacy IDE quirk: reg 0x10: [io  0x01f0-0x01f7]
[   10.304814] pci 0000:00:01.1: legacy IDE quirk: reg 0x14: [io  0x03f6]
[   10.348521] pci 0000:00:01.1: legacy IDE quirk: reg 0x18: [io  0x0170-0x0177]
[   10.391798] pci 0000:00:01.1: legacy IDE quirk: reg 0x1c: [io  0x0376]
[   10.612039] pci 0000:00:07.0: quirk: [io  0x4000-0x403f] claimed by PIIX4 ACPI
[   10.662244] pci 0000:00:07.0: quirk: [io  0x4100-0x410f] claimed by PIIX4 SMB
[   10.814731] ACPI: PCI Interrupt Link [LNKA] (IRQs 5 9 10 *11)
[   10.872722] ACPI: PCI Interrupt Link [LNKB] (IRQs 5 9 *10 11)
[   10.928002] ACPI: PCI Interrupt Link [LNKC] (IRQs 5 *9 10 11)
[   10.983989] ACPI: PCI Interrupt Link [LNKD] (IRQs 5 9 10 *11)
[   11.043113] ACPI: Enabled 2 GPEs in block 00 to 07
[   11.423248] vgaarb: setting as boot device: PCI:0000:00:02.0
[   11.458292] vgaarb: device added: PCI:0000:00:02.0,decodes=io+mem,owns=io+mem,locks=none
[   11.511614] vgaarb: loaded
[   11.534275] vgaarb: bridge control possible 0000:00:02.0
[   11.568099] SCSI subsystem initialized
[   11.595952] ACPI: bus type USB registered
[   11.627156] usbcore: registered new interface driver usbfs
[   11.667140] usbcore: registered new interface driver hub
[   11.702093] usbcore: registered new device driver usb
[   11.735715] PCI: Using ACPI for IRQ routing
[   11.774845] NetLabel: Initializing
[   11.801683] NetLabel:  domain hash size = 128
[   11.830773] NetLabel:  protocols = UNLABELED CIPSOv4
[   11.863237] NetLabel:  unlabeled traffic allowed by default
[   11.897637] amd_nb: Cannot enumerate AMD northbridges
[   11.930073] clocksource: Switched to clocksource kvm-clock
[   11.988668] AppArmor: AppArmor Filesystem Enabled
[   12.020506] pnp: PnP ACPI init
[   12.058608] pnp: PnP ACPI: found 3 devices
[   12.100765] clocksource: acpi_pm: mask: 0xffffff max_cycles: 0xffffff, max_idle_ns: 2085701024 ns
[   12.156940] NET: Registered protocol family 2
[   12.194584] TCP established hash table entries: 8192 (order: 4, 65536 bytes)
[   12.239797] TCP bind hash table entries: 8192 (order: 5, 131072 bytes)
[   12.278220] TCP: Hash tables configured (established 8192 bind 8192)
[   12.316351] UDP hash table entries: 512 (order: 2, 16384 bytes)
[   12.351504] UDP-Lite hash table entries: 512 (order: 2, 16384 bytes)
[   12.389562] NET: Registered protocol family 1
[   12.418408] pci 0000:00:00.0: Limiting direct PCI/PCI transfers
[   12.455766] pci 0000:00:01.0: Activating ISA DMA hang workarounds
[   12.495679] Unpacking initramfs...
[   13.377246] Freeing initrd memory: 14884K
[   13.405337] clocksource: tsc: mask: 0xffffffffffffffff max_cycles: 0x22821188adc, max_idle_ns: 440795282349 ns
[   13.467080] platform rtc_cmos: registered platform RTC device (no PNP device found)
[   13.518598] Scanning for low memory corruption every 60 seconds
[   13.558213] audit: initializing netlink subsys (disabled)
[   13.593097] audit: type=2000 audit(1608968884.452:1): initialized
[   13.633171] Initialise system trusted keyring
[   13.662412] HugeTLB registered 2 MB page size, pre-allocated 0 pages
[   13.706560] zbud: loaded
[   13.727725] VFS: Disk quotas dquot_6.6.0
[   13.760569] VFS: Dquot-cache hash table entries: 512 (order 0, 4096 bytes)
[   13.803159] squashfs: version 4.0 (2009/01/31) Phillip Lougher
[   13.839851] fuse init (API version 7.23)
[   13.870037] Key type big_key registered
[   13.896096] Allocating IMA MOK and blacklist keyrings.
[   13.929320] Key type asymmetric registered
[   13.957031] Asymmetric key parser 'x509' registered
[   13.989167] Block layer SCSI generic (bsg) driver version 0.4 loaded (major 249)
[   14.035206] io scheduler noop registered
[   14.047615] io scheduler deadline registered (default)
[   14.062870] io scheduler cfq registered
[   14.076877] pci_hotplug: PCI Hot Plug PCI Core version: 0.5
[   14.093735] pciehp: PCI Express Hot Plug Controller Driver version: 0.4
[   14.112409] ACPI: AC Adapter [AC] (on-line)
[   14.126340] input: Power Button as /devices/LNXSYSTM:00/LNXPWRBN:00/input/input0
[   14.149293] ACPI: Power Button [PWRF]
[   14.161420] input: Sleep Button as /devices/LNXSYSTM:00/LNXSLPBN:00/input/input1
[   14.184849] ACPI: Sleep Button [SLPF]
[   14.198713] GHES: HEST is not enabled!
[   14.212379] Serial: 8250/16550 driver, 32 ports, IRQ sharing enabled
[   14.264140] 00:02: ttyS0 at I/O 0x3f8 (irq = 4, base_baud = 115200) is a 16550A
[   14.303251] Linux agpgart interface v0.103
[   14.326491] loop: module loaded
[   14.346744] scsi host0: ata_piix
[   14.362561] scsi host1: ata_piix
[   14.378343] ata1: PATA max UDMA/33 cmd 0x1f0 ctl 0x3f6 bmdma 0xd000 irq 14
[   14.407163] ata2: PATA max UDMA/33 cmd 0x170 ctl 0x376 bmdma 0xd008 irq 15
[   14.441333] libphy: Fixed MDIO Bus: probed
[   14.463746] tun: Universal TUN/TAP device driver, 1.6
[   14.486055] tun: (C) 1999-2004 Max Krasnyansky <maxk@qualcomm.com>
[   14.512710] PPP generic driver version 2.4.2
[   14.535509] ehci_hcd: USB 2.0 'Enhanced' Host Controller (EHCI) Driver
[   14.576717] ehci-pci: EHCI PCI platform driver
[   14.786092] ehci-platform: EHCI generic platform driver
[   14.828669] ohci_hcd: USB 1.1 'Open' Host Controller (OHCI) Driver
[   14.870168] ohci-pci: OHCI PCI platform driver
[   14.902771] ohci-platform: OHCI generic platform driver
[   14.939217] uhci_hcd: USB Universal Host Controller Interface driver
[   14.980366] i8042: PNP: PS/2 Controller [PNP0303:PS2K,PNP0f03:PS2M] at 0x60,0x64 irq 1,12
[   15.051687] serio: i8042 KBD port at 0x60,0x64 irq 1
[   15.086473] serio: i8042 AUX port at 0x60,0x64 irq 12
[   15.122033] mousedev: PS/2 mouse device common for all mice
[   15.169788] input: AT Translated Set 2 keyboard as /devices/platform/i8042/serio0/input/input2
[   15.232218] rtc_cmos rtc_cmos: rtc core: registered rtc_cmos as rtc0
[   15.275054] rtc_cmos rtc_cmos: alarms up to one day, 114 bytes nvram
[   15.317085] i2c /dev entries driver
[   15.346180] device-mapper: uevent: version 1.0.3
[   15.377346] device-mapper: ioctl: 4.34.0-ioctl (2015-10-28) initialised: dm-devel@redhat.com
[   15.433817] ledtrig-cpu: registered to indicate activity on CPUs
[   15.471047] NET: Registered protocol family 10
[   15.500968] NET: Registered protocol family 17
[   15.530549] Key type dns_resolver registered
[   15.560841] registered taskstats version 1
[   15.588376] Loading compiled-in X.509 certificates
[   15.625511] Loaded X.509 cert 'Build time autogenerated kernel key: 34492021b4051d5295bb5f61ac4b8fe0de34ccb2'
[   15.687248] zswap: loaded using pool lzo/zbud
[   15.724102] Key type trusted registered
[   15.765157] Key type encrypted registered
[   15.793202] AppArmor: AppArmor sha1 policy hashing enabled
[   15.829275] ima: No TPM chip found, activating TPM-bypass!
[   15.865142] ima: Allocated hash algorithm: sha1
[   15.901133] evm: HMAC attrs: 0x1
[   15.931198]   Magic number: 0:967:774
[   15.958087] mem zero: hash matches
[   15.984228] rtc_cmos rtc_cmos: setting system clock to 2020-12-26 07:47:58 UTC (1608968878)
[   16.042348] BIOS EDD facility v0.16 2004-Jun-25, 0 devices found
[   16.079148] EDD information not available.
[   16.115501] Freeing unused kernel memory: 1492K
[   16.145193] Write protecting the kernel read-only data: 14336k
[   16.182725] Freeing unused kernel memory: 1592K
[   16.212679] Freeing unused kernel memory: 64K
Loading, please wait...
starting version 229
[   16.296340] random: udevadm: uninitialized urandom read (16 bytes read, 8 bits of entropy available)
[   16.323510] random: systemd-udevd: uninitialized urandom read (16 bytes read, 8 bits of entropy available)
[   16.350803] random: systemd-udevd: uninitialized urandom read (16 bytes read, 8 bits of entropy available)
[   16.378334] random: udevadm: uninitialized urandom read (16 bytes read, 8 bits of entropy available)
[   16.404599] random: systemd-udevd: uninitialized urandom read (16 bytes read, 8 bits of entropy available)
[   16.454269] random: udevadm: uninitialized urandom read (16 bytes read, 8 bits of entropy available)
[   16.481247] random: systemd-udevd: uninitialized urandom read (16 bytes read, 8 bits of entropy available)
[   16.510677] random: udevadm: uninitialized urandom read (16 bytes read, 8 bits of entropy available)
[   16.540183] random: systemd-udevd: uninitialized urandom read (16 bytes read, 8 bits of entropy available)
[   16.571049] random: udevadm: uninitialized urandom read (16 bytes read, 8 bits of entropy available)
[   16.770349] Fusion MPT base driver 3.04.20
[   16.785743] Copyright (c) 1999-2008 LSI Corporation
[   16.815437] e1000: Intel(R) PRO/1000 Network Driver - version 7.3.21-k8-NAPI
[   16.836802] e1000: Copyright (c) 1999-2006 Intel Corporation.
[   16.942315] SSE version of gcm_enc/dec engaged.
[   16.990488] Fusion MPT SPI Host driver 3.04.20
[   17.182042] input: ImExPS/2 Generic Explorer Mouse as /devices/platform/i8042/serio1/input/input4
[   19.470758] e1000 0000:00:03.0 eth0: (PCI:33MHz:32-bit) 02:8b:9b:7c:43:4a
[   19.510884] e1000 0000:00:03.0 eth0: Intel(R) PRO/1000 Network Connection
[   19.557259] mptbase: ioc0: Initiating bringup
[   19.663957] ioc0: LSI53C1030 A0: Capabilities={Initiator}
[   19.897308] scsi host2: ioc0: LSI53C1030 A0, FwRev=00000000h, Ports=1, MaxQ=256, IRQ=20
[   20.064356] scsi 2:0:0:0: Direct-Access     VBOX     HARDDISK         1.0  PQ: 0 ANSI: 5
[   20.127628] scsi target2:0:0: Beginning Domain Validation
[   20.215148] scsi target2:0:0: Domain Validation skipping write tests
[   20.256063] scsi target2:0:0: Ending Domain Validation
[   20.388345] scsi target2:0:0: asynchronous
[   20.514044] scsi 2:0:1:0: Direct-Access     VBOX     HARDDISK         1.0  PQ: 0 ANSI: 5
[   20.631802] scsi target2:0:1: Beginning Domain Validation
[   20.810404] scsi target2:0:1: Domain Validation skipping write tests
[   20.849581] scsi target2:0:1: Ending Domain Validation
[   20.946340] scsi target2:0:1: asynchronous
[   21.460597] sd 2:0:0:0: Attached scsi generic sg0 type 0
[   21.495295] sd 2:0:0:0: [sda] 20971520 512-byte logical blocks: (10.7 GB/10.0 GiB)
[   21.587381] sd 2:0:1:0: [sdb] 20480 512-byte logical blocks: (10.5 MB/10.0 MiB)
[   21.636399] sd 2:0:1:0: Attached scsi generic sg1 type 0
[   21.705843] sd 2:0:0:0: [sda] Write Protect is off
[   21.777168] sd 2:0:1:0: [sdb] Write Protect is off
[   21.844339] sd 2:0:0:0: [sda] Incomplete mode parameter data
[   21.878795] sd 2:0:0:0: [sda] Assuming drive cache: write through
[   22.249441] sd 2:0:1:0: [sdb] Incomplete mode parameter data
[   22.291774] sd 2:0:1:0: [sdb] Assuming drive cache: write through
[   22.568169] sd 2:0:1:0: [sdb] Attached SCSI disk
[   22.837616]  sda: sda1
[   22.895108] sd 2:0:0:0: [sda] Attached SCSI disk
[   23.471689] e1000 0000:00:08.0 eth1: (PCI:33MHz:32-bit) 08:00:27:9d:a2:2e
[   23.494765] e1000 0000:00:08.0 eth1: Intel(R) PRO/1000 Network Connection
[   23.526268] e1000 0000:00:08.0 enp0s8: renamed from eth1
[   23.565484] e1000 0000:00:03.0 enp0s3: renamed from eth0
Begin: Loading essential drivers ... [   33.462127] md: linear personality registered for level -1
[   33.496314] md: multipath personality registered for level -4
[   33.528629] md: raid0 personality registered for level 0
[   33.580525] md: raid1 personality registered for level 1
[   33.686551] raid6: sse2x1   gen()  2593 MB/s
[   33.774431] raid6: sse2x1   xor()  2102 MB/s
[   33.870205] raid6: sse2x2   gen()  2377 MB/s
[   33.966890] raid6: sse2x2   xor()  1818 MB/s
[   34.066494] raid6: sse2x4   gen()  2645 MB/s
[   34.162178] raid6: sse2x4   xor()  2083 MB/s
[   34.190569] raid6: using algorithm sse2x4 gen() 2645 MB/s
[   34.223999] raid6: .... xor() 2083 MB/s, rmw enabled
[   34.255925] raid6: using ssse3x2 recovery algorithm
[   34.296527] xor: measuring software checksum speed
[   34.366278]    prefetch64-sse:  3297.000 MB/sec
[   34.434637]    generic_sse:  2998.000 MB/sec
[   34.467903] xor: using function: prefetch64-sse (3297.000 MB/sec)
[   34.514143] async_tx: api initialized (async)
[   34.649874] md: raid6 personality registered for level 6
[   34.683321] md: raid5 personality registered for level 5
[   34.717752] md: raid4 personality registered for level 4
[   34.808124] md: raid10 personality registered for level 10
done.
Begin: Running /scripts/init-premount ... done.
Begin: Mounting root file system ... Begin: Running /scripts/local-top ... done.
Begin: Running /scripts/local-premount ... [   35.198710] Btrfs loaded
Scanning for Btrfs filesystems
done.
Warning: fsck not present, so skipping root file system
[   35.402754] EXT4-fs (sda1): mounted filesystem with ordered data mode. Opts: (null)
done.
Begin: Running /scripts/local-bottom ... done.
Begin: Running /scripts/init-bottom ... [   35.569332] random: nonblocking pool is initialized
done.
[   36.036013] systemd[1]: systemd 229 running in system mode. (+PAM +AUDIT +SELINUX +IMA +APPARMOR +SMACK +SYSVINIT +UTMP +LIBCRYPTSETUP +GCRYPT +GNUTLS +ACL +XZ -LZ4 +SECCOMP +BLKID +ELFUTILS +KMOD -IDN)
[   36.148338] systemd[1]: Detected virtualization oracle.
[   36.182032] systemd[1]: Detected architecture x86-64.

Welcome to [1mUbuntu 16.04.7 LTS[0m!

[   36.253268] systemd[1]: Set hostname to <ubuntu>.
[   36.303659] systemd[1]: Initializing machine ID from random generator.
[   36.341420] systemd[1]: Installed transient /etc/machine-id file.
[   37.097912] systemd[1]: Listening on /dev/initctl Compatibility Named Pipe.
[[0;32m  OK  [0m] Listening on /dev/initctl Compatibility Named Pipe.
[   37.178849] systemd[1]: Created slice User and Session Slice.
[[0;32m  OK  [0m] Created slice User and Session Slice.
[   37.245661] systemd[1]: Created slice System Slice.
[[0;32m  OK  [0m] Created slice System Slice.
[   37.305626] systemd[1]: Created slice system-serial\x2dgetty.slice.
[[0;32m  OK  [0m] Created slice system-serial\x2dgetty.slice.
[   37.373340] systemd[1]: Listening on Journal Socket.
[[0;32m  OK  [0m] Listening on Journal Socket.
[   37.440676] systemd[1]: Starting Load Kernel Modules...
         Starting Load Kernel Modules...
[   37.500540] systemd[1]: Starting Nameserver information manager...
         Starting Nameserver information manager...
[   37.599376] systemd[1]: Reached target User and Group Name Lookups.
[[0;32m  OK  [0m] Reached target User and Group Name Lookups.
[   37.700557] Loading iSCSI transport class v2.0-870.
[   37.733468] systemd[1]: Reached target System Time Synchronized.
[[0;32m  OK  [0m] Reached target System Time Synchronized.
[   37.817847] systemd[1]: Reached target Swap.
[[0;32m  OK  [0m] Reached target Swap.[   37.881136] iscsi: registered transport (tcp)

[   37.915454] systemd[1]: Started Forward Password Requests to Wall Directory Watch.
[[0;32m  OK  [0m] Started Forward Password Requests to Wall Directory Watch.
[   38.038019] systemd[1]: Listening on udev Kernel Socket.
[[0;32m  OK  [0m] Listening on udev Kernel Socket.
[   38.144001] systemd[1]: Starting Uncomplicated firewall...
         Starting Uncomplicated firewall...
[   38.241305] systemd[1]: Listening on Journal Socket (/dev/log).
[[0;32m  OK  [0m] Listening on Journal Socket (/dev/log).
[   38.316496] systemd[1]: Mounting Huge Pages File System...
         Mounting Huge Pages File System...
[   38.415063] systemd[1]: Listening on Syslog Socket.
[[0;32m  OK  [0m[   38.486472] iscsi: registered transport (iser)
] Listening on Syslog Socket.
[   38.531203] systemd[1]: Listening on LVM2 poll daemon socket.
[[0;32m  OK  [0m] Listening on LVM2 poll daemon socket.
[   38.603013] systemd[1]: Mounting Debug File System...
         Mounting Debug File System...
[   38.669181] systemd[1]: Listening on udev Control Socket.
[[0;32m  OK  [0m] Listening on udev Control Socket.
[   38.736559] systemd[1]: Set up automount Arbitrary Executable File Formats File System Automount Point.
[[0;32m  OK  [0m] Set up automount Arbitrary Executab...ats File System Automount Point.
[   38.839262] systemd[1]: Starting Set console keymap...
         Starting Set console keymap...
[   38.906022] systemd[1]: Listening on Journal Audit Socket.
[[0;32m  OK  [0m] Listening on Journal Audit Socket.
[   38.998988] systemd[1]: Reached target Encrypted Volumes.
[[0;32m  OK  [0m] Reached target Encrypted Volumes.
[   39.131690] systemd[1]: Started Trigger resolvconf update for networkd DNS.
[[0;32m  OK  [0m] Started Trigger resolvconf update for networkd DNS.
[   39.260247] systemd[1]: Reached target Slices.
[[0;32m  OK  [0m] Reached target Slices.
[   39.323331] systemd[1]: Listening on LVM2 metadata daemon socket.
[[0;32m  OK  [0m] Listening on LVM2 metadata daemon socket.
[   39.389878] systemd[1]: Listening on Device-mapper event daemon FIFOs.
[[0;32m  OK  [0m] Listening on Device-mapper event daemon FIFOs.
[   39.464082] systemd[1]: Starting Journal Service...
         Starting Journal Service...
[   39.525777] systemd[1]: Starting Create list of required static device nodes for the current kernel...
         Starting Create list of required st... nodes for the current kernel...
[   39.662032] systemd[1]: Starting Remount Root and Kernel File Systems...
         Starting Remount Root and Kernel File Systems...[   39.755151] EXT4-fs (sda1): re-mounted. Opts: (null)

[   39.795950] systemd[1]: Mounting POSIX Message Queue File System...
         Mounting POSIX Message Queue File System...
[   39.918166] systemd[1]: Starting Monitoring of LVM2 mirrors, snapshots etc. using dmeventd or progress polling...
         Starting Monitoring of LVM2 mirrors... dmeventd or progress polling...
[   40.071988] systemd[1]: Mounted POSIX Message Queue File System.
[[0;32m  OK  [0m] Mounted POSIX Message Queue File System.
[   40.154278] systemd[1]: Mounted Debug File System.
[[0;32m  OK  [0m] Mounted Debug File System.
[   40.211899] systemd[1]: Mounted Huge Pages File System.
[[0;32m  OK  [0m] Mounted Huge Pages File System.
[   40.278338] systemd[1]: Started Journal Service.
[[0;32m  OK  [0m] Started Journal Service.
[[0;32m  OK  [0m] Started Load Kernel Modules.
[[0;32m  OK  [0m] Started Uncomplicated firewall.
[[0;32m  OK  [0m] Started Set console keymap.
[[0;32m  OK  [0m] Started Create list of required sta...ce nodes for the current kernel.
[[0;32m  OK  [0m] Started Remount Root and Kernel File Systems.
[[0;32m  OK  [0m] Started Nameserver information manager.
[[0;32m  OK  [0m] Started LVM2 metadata daemon.
         Starting Load/Save Random Seed...
         Starting udev Coldplug all Devices...
         Starting Create Static Device Nodes in /dev...
         Mounting FUSE Control File System...
         Starting Apply Kernel Variables...
         Starting Flush Journal to Persistent Storage...
[[0;32m  OK  [0m] Mounted FUSE Control File System.
[[0;32m  OK  [0m] Started Monitoring of LVM2 mirrors,...ng dmeventd or progress polling.
[[0;32m  OK  [0m] Started Load/Save Random Seed.
[[0;32m  OK  [0m] Started Create Static Device Nodes in /dev.
[[0;32m  OK  [0m] Started Apply Kernel Variables.
         Starting udev Kernel Device Manager...
[[0;32m  OK  [0m] Reached target Local File Systems (Pre).
[[0;32m  OK  [0m] Reached target Local File Systems.
         Starting Commit a transient machine-id on disk...
         Starting Set console font and keymap...
         Starting Tell Plymouth To Write Out Runtime Data...
         Starting Initial cloud-init job (pre-networking)...
         Starting LSB: AppArmor initialization...
[[0;32m  OK  [0m] Started udev Kernel Device Manager.
[[0;32m  OK  [0m] Started udev Coldplug all Devices.
[[0;32m  OK  [0m] Started Commit a transient machine-id on disk.
[[0;32m  OK  [0m] Started Tell Plymouth To Write Out Runtime Data.
[[0;32m  OK  [0m] Started Dispatch Password Requests to Console Directory Watch.
[[0;32m  OK  [0m] Started Flush Journal to Persistent Storage.
         Starting Create Volatile Files and Directories...
[[0;32m  OK  [0m] Started Create Volatile Files and Directories.
         Starting Update UTMP about System Boot/Shutdown...
[[0;32m  OK  [0m] Started Update UTMP about System Boot/Shutdown.
[[0;32m  OK  [0m] Found device /dev/ttyS0.
[[0;32m  OK  [0m] Started LSB: AppArmor initialization.
[[0;32m  OK  [0m] Started Initial cloud-init job (pre-networking).
[   39.175884] cloud-init[492]: Cloud-init v. 20.3-2-g371b392c-0ubuntu1~16.04.1 running 'init-local' at Sat, 26 Dec 2020 07:48:29 +0000. Up 37.23 seconds.[[0;32m  OK  [0m] Listening on Load/Save RF Kill Switch Status /dev/rfkill Watch.
[[0;32m  OK  [0m] Reached target Network (Pre).
         
Starting Load AppArmor profiles managed internally by snapd...
         Starting Raise network interfaces...
[[0;32m  OK  [0m] Started Load AppArmor profiles managed internally by snapd.
[[0m[0;31m*     [0m] (1 of 2) A start job is running for...font and keymap (29s / no limit)[K[[0;1;31m*[0m[0;31m*    [0m] (1 of 2) A start job is running for...font and keymap (31s / no limit)[K[[0;32m  OK  [0m] Started Set console font and keymap.
[[0;32m  OK  [0m] Created slice system-getty.slice.
[[0;32m  OK  [0m] Started Raise network interfaces.
         Starting Initial cloud-init job (metadata service crawler)...
[[0;32m  OK  [0m] Reached target Network.
[   67.674712] cloud-init[967]: Cloud-init v. 20.3-2-g371b392c-0ubuntu1~16.04.1 running 'init' at Sat, 26 Dec 2020 07:48:56 +0000. Up 65.06 seconds.
[   67.752836] cloud-init[967]: ci-info: ++++++++++++++++++++++++++++++++++++++Net device info+++++++++++++++++++++++++++++++++++++++
[   67.828856] cloud-init[967]: ci-info: +--------+-------+----------------------------+---------------+--------+-------------------+[[0;32m  OK  [0m
[   67.895089] ] Started Initial cloud-init job (metadata service crawler).cloud-init[967]: ci-info: | Device |   Up  |          Address           |      Mask     | Scope  |     Hw-Address    |
[[0;32m  OK  [0m
[   67.939400] ] Reached target Cloud-config availability.cloud-init[967]: ci-info: +--------+-------+----------------------------+---------------+--------+-------------------+
[[0;32m  OK  [0m] Reached target Network is Online.
         Starting iSCSI initiator daemon (iscsid)...
[   67.982888] cloud-init[967]: ci-info: | enp0s3 |  True |         10.0.2.15          | 255.255.255.0 | global | 02:8b:9b:7c:43:4a |
[[0;32m  OK  [0m] Reached target System Initialization.
[[0;32m  OK  [0m] 
Listening on UUID daemon activation socket.[   68.028774] cloud-init
[967]:          Starting LXD - unix socket.ci-info: | enp0s3 |  True | fe80::8b:9bff:fe7c:434a/64 |       .       |  link  | 02:8b:9b:7c:43:4a |
[[0;32m  OK  [0m] Started Daily Cleanup of Temporary Directories.

[[0;32m  OK  [0m] [   68.074881] cloud-initStarted Daily apt download activities.[967]: ci-info: | enp0s8 | False |             .              |       .       |   .    | 08:00:27:9d:a2:2e |
[[0;32m  OK  [0m] Started Daily apt upgrade and clean activities.

         Starting Socket activation for snappy daemon.[   68.129211] cloud-init[967]: ci-info: |   lo   |  True |         127.0.0.1          |   255.0.0.0   |  host  |         .         |
[[0;32m  OK  [0m] Listening on ACPID Listen Socket.
[[0;32m  OK  [0m] 
[   68.166629] Listening on D-Bus System Message Bus Socket.cloud-init[967]: ci-info: |   lo   |  True |          ::1/128           |       .       |  host  |         .         |

[   68.213727] [[0;32m  OK  [0mcloud-init[967]: ci-info: +--------+-------+----------------------------+---------------+--------+-------------------+] Started ACPI Events Check.
[[0;32m  OK  [0m] Reached target Paths.
[   68.265246] cloud-init
[[0;32m  OK  [0m[967]: ci-info: +++++++++++++++++++++++++++Route IPv4 info++++++++++++++++++++++++++++] Started Message of the Day.
[[0;32m  OK  [0m] Reached target Timers.
[   68.314210] 
cloud-init[967]: [[0;32m  OK  [0mci-info: +-------+-------------+----------+---------------+-----------+-------+] Listening on LXD - unix socket.
[[0;32m  OK  [0m
] Listening on Socket activation for snappy daemon.[   68.381623] cloud-init[967]: ci-info: | Route | Destination | Gateway  |    Genmask    | Interface | Flags |
[[0;32m  OK  [0m] Reached target Sockets.
[   68.424808] 
[cloud-init[967]: [0;32m  OK  [0mci-info: +-------+-------------+----------+---------------+-----------+-------+] Reached target Basic System.
         Starting Accounts Service...

[[   68.507158] [0;32m  OK  [0m] Started D-Bus System Message Bus.cloud-init
[967]: ci-info: |   0   |   0.0.0.0   | 10.0.2.2 |    0.0.0.0    |   enp0s3  |   UG  |
[   68.576113] cloud-init[967]: ci-info: |   1   |   10.0.2.0  | 0.0.0.0  | 255.255.255.0 |   enp0s3  |   U   |
[   68.634089] cloud-init[967]: ci-info: +-------+-------------+----------+---------------+-----------+-------+
[   68.685518] cloud-init[967]: ci-info: +++++++++++++++++++Route IPv6 info+++++++++++++++++++
[   68.738027] cloud-init[967]: ci-info: +-------+-------------+---------+-----------+-------+         
Starting /etc/rc.local Compatibility...[   68.825182] 
cloud-init         [967]: Starting LSB: MD monitoring daemon...ci-info: | Route | Destination | Gateway | Interface | Flags |
[[0;32m  OK  [0m] Started Deferred execution scheduler.
         Starting Pollinate to seed the pseudo random number generator...
         Starting Login Service...
         Starting Virtualbox guest utils...
[   69.095287] 
[[0;32m  OK  [0m] Started ACPI event daemon.
[[0;32m  OK  [0mcloud-init] Started FUSE filesystem for LXC.
[967]:          Starting Snap Daemon...ci-info: +-------+-------------+---------+-----------+-------+
         Starting LSB: Record successful boot for GRUB...
         
Starting System Logging Service...
[[0;32m  OK  [0m] Started Regular background program processing daemon.
         [   69.371440] Starting LXD - container startup/shutdown...
[[0;32m  OK  [0m] Started iSCSI initiator daemon (iscsid).cloud-init
[[0;32m  OK  [0m] Started /etc/rc.local Compatibility.[967]: 
[[0;32m  OK  [0m] Started System Logging Service.
ci-info: |   0   |  fe80::/64  |    ::   |   enp0s3  |   U   |         Starting Authenticate and Authorize Users to Run Privileged Tasks...
         Starting Login to default iSCSI targets...
[[0;32m  OK  [0m] Started Login Service.
[[0;32m  OK  [0m] Started Unattended Upgrades Shutdown.

[   70.036810] cloud-init[967]: ci-info: |   4   |   ff00::/8  |    ::   |   enp0s3  |   U   |
[   70.087510] cloud-init[967]: ci-info: +-------+-------------+---------+-----------+-------+
[   70.173302] cloud-init[967]: Generating public/private rsa key pair.
[[0;32m  OK  [0m[   70.388152] ] Started LSB: Record successful boot for GRUB.
[[0;32m  OK  [0m] Started LSB: MD monitoring daemon.cloud-init
[[0;32m  OK  [0m] Started Login to default iSCSI targets.
[[0;32m  OK  [0m[967]: ] Started Authenticate and Authorize Users to Run Privileged Tasks.Your identification has been saved in /etc/ssh/ssh_host_rsa_key.
[[0;32m  OK  [0m] Started Accounts Service.
[[0;32m  OK  [0m] Reached target Remote File Systems (Pre).
[[0;32m  OK  [0m] Reached target Remote File Systems.
         Starting LSB: automatic crash report generation...

         Starting LSB: Set the CPU Frequency Scaling governor to "ondemand"...
[   70.644854]          Starting LSB: daemon to balance interrupts for SMP systems...
         Starting Permit User Sessions...
[[0;32m  OK  [0m] cloud-initStarted Permit User Sessions.
         Starting Terminate Plymouth Boot Screen...
         Starting Hold until boot process finishes up...
[[0;32m  OK  [0m] Started Terminate Plymouth Boot Screen.[967]: 
[[0;32m  OK  [0m] Started Hold until boot process finishes up.Your public key has been saved in /etc/ssh/ssh_host_rsa_key.pub.
[[0;32m  OK  [0m] Started LXD - container startup/shutdown.
[[0;32m  OK  [0m] Started Getty on tty1.
         Starting Set console scheme...
[[0;32m  OK  [0m] Started Serial Getty on ttyS0.
[[0;32m  OK  [0m] Reached target Login Prompts.

[[0;32m  OK  [0m] Started LSB: Set the CPU Frequency Scaling governor to "ondemand".[   71.031668] 
[[0;32m  OK  [0m] Started Set console scheme.
[[0;32m  OK  [0mcloud-init] Started LSB: daemon to balance interrupts for SMP systems.[967]: 
The key fingerprint is:[[0;32m  OK  [0m] Started LSB: automatic crash report generation.

[   71.154146] cloud-init[967]: SHA256:cVv/Q+FH8e+jQHOrq7N46IN4zAQ0uR/lEWddxz5cw3U root@ubuntu-xenial
[   71.250721] cloud-init[967]: The key's randomart image is:
[[0;32m  OK  [0m] Started Virtualbox guest utils.[   71.326636] 
cloud-init[967]: +---[RSA 2048]----+
[   71.443091] cloud-init[967]: |    .  ..o. ..ooE|
[   71.533924] cloud-init[967]: |   +   oo  .  .+=|
[   71.608220] cloud-init[967]: |  . o o o . . o.=|
[   71.689054] cloud-init[967]: |   o . . o o ..=o|
[   71.768098] cloud-init[967]: [[0;32m  OK  [0m] |    o . S .o ..o+|Started Snap Daemon.
         Starting Wait until snapd is fully seeded...

[   72.015186] cloud-init[967]: |     o    . o oo.|
[   72.142717] cloud-init[967]: |    = . .  . . oo|
[   72.193948] cloud-init[967]: |   . = o.o  o . o|
[   72.221506] cloud-init[967]: |    . .ooo+o..   |
[   72.246857] cloud-init[967]: +----[SHA256]-----+
[   72.280611] cloud-init[967]: Generating public/private dsa key pair.
[   72.314176] cloud-init[967]: Your identification has been saved in /etc/ssh/ssh_host_dsa_key.
[   72.376488] [[0;32m  OK  [0mcloud-init] Started Pollinate to seed the pseudo random number generator.[967]: Your public key has been saved in /etc/ssh/ssh_host_dsa_key.pub.
         Starting OpenBSD Secure Shell server...
[   72.435461] cloud-init
[967]: The key fingerprint is:
[   72.473389] cloud-init[967]: SHA256:3Yr33AqwEBhStIi7GMIhunlJL+U/VNIVClZss1xjPWo root@ubuntu-xenial
[[0;32m  OK  [0m[   72.542450] ] Started OpenBSD Secure Shell server.cloud-init[967]: 
The key's randomart image is:
[   72.575967] cloud-init[967]: +---[DSA 1024]----+
[   72.601425] cloud-init[967]: |  .o+ oo. .o     |
[   72.624897] cloud-init[967]: | . o = .+.= o    |
[   72.648356] cloud-init[967]: |o.. o .+.* o .   |
[   72.677757] cloud-init[967]: |+..   ..=.E.     |
[   72.708756] cloud-init[967]: |=.. . .oS.. .    |
[   72.730319] cloud-init[967]: |o* =  .. + .     |
[   72.757776] cloud-init[967]: |= + o.  o +      |
[   72.784970] cloud-init[967]: | . . ..  . + .   |
[   72.814607] cloud-init[967]: |      ..    +..  |
[   72.892331] cloud-init[967]: +----[SHA256]-----+
[   72.931787] cloud-init[967]: Generating public/private ecdsa key pair.
[   73.006671] [[0;32m  OK  [0mcloud-init] Created slice User Slice of vagrant.[967]: Your identification has been saved in /etc/ssh/ssh_host_ecdsa_key.
         Starting User Manager for UID 1000...
[   73.136345] 
cloud-init[[0;32m  OK  [0m[967]: ] Started Session 1 of user vagrant.Your public key has been saved in /etc/ssh/ssh_host_ecdsa_key.pub.
[[0;32m  OK  [0m
] [   73.302186] Started User Manager for UID 1000.
cloud-init[967]: The key fingerprint is:
[   73.408643] cloud-init[967]: SHA256:t+jiSI6OC4b6aCyfyY3iDB8FIZnH/YrmVHAvXBYAHYo root@ubuntu-xenial
[   73.564401] cloud-init[967]: The key's randomart image is:
[   73.692759] cloud-init[967]: +---[ECDSA 256]---+
[   73.769549] cloud-init[967]: |.+o+oo..         |
[   73.886314] cloud-init[967]: |oo+o+ o          |
[   74.001574] cloud-init[967]: |E.o+ =           |
[   74.110022] cloud-init[967]: |   .+ o          |
[   74.192733] cloud-init[967]: |   o.o  S .      |
[   74.252595] cloud-init[967]: |. +..    o .     |
[   74.314257] cloud-init[967]: |==. .   . .      |
[   74.386286] cloud-init[967]: |OB.X ...         |
[   74.438292] cloud-init[967]: |OO@ +....        |
[   74.501435] cloud-init[967]: +----[SHA256]-----+
[   74.561368] cloud-init[967]: Generating public/private ed25519 key pair.
[   74.676657] cloud-init[967]: Your identification has been saved in /etc/ssh/ssh_host_ed25519_key.
[   74.866240] cloud-init[967]: Your public key has been saved in /etc/ssh/ssh_host_ed25519_key.pub.
[   75.030331] cloud-init[967]: The key fingerprint is:
[   75.145686] cloud-init[967]: SHA256:quQ8+DSksX4e9Y+s102BojjNKmREPnH7KY/ZYmoHwCs root@ubuntu-xenial
[   75.267449] cloud-init[967]: The key's randomart image is:
[   75.366354] cloud-init[967]: +--[ED25519 256]--+
[   75.421906] cloud-init[967]: |                 |
[   75.476713] cloud-init[967]: |  o .            |
[   75.539298] cloud-init[967]: |.o o .     .     |
[   75.593808] cloud-init[967]: |..+ .   . . .    |
[   75.668877] cloud-init[967]: | oo..=.oS.   .   |
[   75.773816] cloud-init[967]: |E.+=+.*o    .    |
[   75.902644] cloud-init[967]: |.ooo=O. .. o     |
[   76.610007] cloud-init[967]: | .+=X+o..o. .    |
[   77.678039] cloud-init[967]: | .oO*o.oo .      |
[   77.780549] cloud-init[967]: +----[SHA256]-----+

Ubuntu 16.04.7 LTS ubuntu-xenial ttyS0

ubuntu-xenial login: [   84.448402] cloud-init[1441]: Generating locales (this might take a while)...
[   87.580050] cloud-init[1441]:   en_US.UTF-8... done
[   87.611779] cloud-init[1441]: Generation complete.
[   89.167280] cloud-init[1441]: Cloud-init v. 20.3-2-g371b392c-0ubuntu1~16.04.1 running 'modules:config' at Sat, 26 Dec 2020 07:49:15 +0000. Up 83.52 seconds.
ci-info: no authorized SSH keys fingerprints found for user ubuntu.
<14>Dec 26 07:49:24 ec2: 
<14>Dec 26 07:49:24 ec2: #############################################################
<14>Dec 26 07:49:24 ec2: -----BEGIN SSH HOST KEY FINGERPRINTS-----
<14>Dec 26 07:49:24 ec2: 1024 SHA256:3Yr33AqwEBhStIi7GMIhunlJL+U/VNIVClZss1xjPWo root@ubuntu-xenial (DSA)
<14>Dec 26 07:49:24 ec2: 256 SHA256:t+jiSI6OC4b6aCyfyY3iDB8FIZnH/YrmVHAvXBYAHYo root@ubuntu-xenial (ECDSA)
<14>Dec 26 07:49:24 ec2: 256 SHA256:quQ8+DSksX4e9Y+s102BojjNKmREPnH7KY/ZYmoHwCs root@ubuntu-xenial (ED25519)
<14>Dec 26 07:49:24 ec2: 2048 SHA256:cVv/Q+FH8e+jQHOrq7N46IN4zAQ0uR/lEWddxz5cw3U root@ubuntu-xenial (RSA)
<14>Dec 26 07:49:24 ec2: -----END SSH HOST KEY FINGERPRINTS-----
<14>Dec 26 07:49:24 ec2: #############################################################
-----BEGIN SSH HOST KEY KEYS-----
ecdsa-sha2-nistp256 AAAAE2VjZHNhLXNoYTItbmlzdHAyNTYAAAAIbmlzdHAyNTYAAABBBPJGRVX7zK0USoXU49wK5VUx+FXPlidphuT/vJfl7jWBIRjNk1QzgvxZzDd3DR3XtY4pGjhAcuIBnVHLTnPhr5w= root@ubuntu-xenial
ssh-ed25519 AAAAC3NzaC1lZDI1NTE5AAAAIAz71f98lZRCc1C78cRcW8jkSI57Z49q5pDv3bQAqO4M root@ubuntu-xenial
ssh-rsa AAAAB3NzaC1yc2EAAAADAQABAAABAQDQvwHBgSPO4OO1C6O6awULVxjyKCcTf+CYbsMe0zXSUq8lt3N/YGQkMcVDwTHH4X1Hzii1MZiEaM0aLGTtpXVCfBw5elhYalZc+3wMwsMXDmjlCKAkB10Iq2EHtKwP2SQW6x7c4IG4UbwMU+LABVM+/MQzx59qiSiGjMY/8sBKdrWFjFosaN3OGX7rn4KF2lgE0iM7shmKz5dNksfzWcOmfMJkrDktxfxxiDxyQ3GiiC+l16jN/wR0Jb494U5mFN1LTovKlQwjq7xJ+IDkrye7/w7aoGIdPiSceMNDbuUAr+x58ANM39ksfkZnI6Ln35iUlYEGY1rvt3n3hVwJgLpR root@ubuntu-xenial
-----END SSH HOST KEY KEYS-----
[   92.824344] cloud-init[1621]: Cloud-init v. 20.3-2-g371b392c-0ubuntu1~16.04.1 running 'modules:final' at Sat, 26 Dec 2020 07:49:23 +0000. Up 91.84 seconds.
[   92.927570] cloud-init[1621]: ci-info: no authorized SSH keys fingerprints found for user ubuntu.
[   93.054093] cloud-init[1621]: Cloud-init v. 20.3-2-g371b392c-0ubuntu1~16.04.1 finished at Sat, 26 Dec 2020 07:49:24 +0000. Datasource DataSourceNoCloud [seed=/dev/sdb][dsmode=net].  Up 92.77 seconds
[[0;32m  OK  [0m] Stopped Unattended Upgrades Shutdown.
[[0;32m  OK  [0m] Stopped target Cloud-init target.
         Stopping Authenticate and Authorize Users to Run Privileged Tasks...
[[0;32m  OK  [0m] Closed Load/Save RF Kill Switch Status /dev/rfkill Watch.
         Stopping Session 3 of user vagrant.
[[0;32m  OK  [0m] Stopped target Graphical Interface.
         Stopping Accounts Service...
         Unmounting /vagrant...
[[0;32m  OK  [0m] Stopped Execute cloud user/final scripts.
[[0;32m  OK  [0m] Stopped Apply the settings specified in cloud-config.
[[0;32m  OK  [0m] Stopped target Cloud-config availability.
[[0;32m  OK  [0m] Stopped target Multi-User System.
[[0;32m  OK  [0m] Stopped Wait until snapd is fully seeded.
[[0;32m  OK  [0m] Stopped target Login Prompts.
         Stopping Serial Getty on ttyS0...
         Stopping Getty on tty1...
         Stopping FUSE filesystem for LXC...
         Stopping LSB: Set the CPU Frequency Scaling governor to "ondemand"...
         Stopping LSB: daemon to balance interrupts for SMP systems...
         Stopping LSB: automatic crash report generation...
         Stopping Docker Application Container Engine...
         Stopping Regular background program processing daemon...
         Stopping D-Bus System Message Bus...
         Stopping Virtualbox guest utils...
         Stopping LSB: Set up cgroupfs mounts....
         Stopping OpenBSD Secure Shell server...
         Stopping User Manager for UID 1000...
         Stopping LXD - container startup/shutdown...
         Stopping LSB: MD monitoring daemon...
[[0;32m  OK  [0m] Stopped target Timers.
[[0;32m  OK  [0m] Stopped Message of the Day.
[[0;32m  OK  [0m] Stopped Daily apt upgrade and clean activities.
[[0;32m  OK  [0m] Stopped Daily Cleanup of Temporary Directories.
[[0;32m  OK  [0m] Stopped Daily apt download activities.
[[0;32m  OK  [0m] Stopped target System Time Synchronized.
         Stopping Deferred execution scheduler...
         Stopping ACPI event daemon...
         Stopping System Logging Service...
         Stopping LSB: Record successful boot for GRUB...
[[0;32m  OK  [0m] Unmounted /var/lib/docker/aufs.
[[0;32m  OK  [0m] Unmounted /var/lib/lxcfs.
[[0;32m  OK  [0m] Stopped Accounts Service.
[[0;32m  OK  [0m] Stopped Deferred execution scheduler.
[[0;32m  OK  [0m] Stopped ACPI event daemon.
[[0;32m  OK  [0m] Stopped System Logging Service.
[[0;32m  OK  [0m] Stopped Regular background program processing daemon.
[[0;32m  OK  [0m] Stopped Authenticate and Authorize Users to Run Privileged Tasks.
[[0;32m  OK  [0m] Stopped Getty on tty1.
[[0;32m  OK  [0m] Stopped Serial Getty on ttyS0.
[[0;32m  OK  [0m] Stopped OpenBSD Secure Shell server.
[[0;32m  OK  [0m] Stopped Docker Application Container Engine.
[[0;32m  OK  [0m] Stopped User Manager for UID 1000.
[[0;32m  OK  [0m] Stopped Session 3 of user vagrant.
[[0;32m  OK  [0m] Unmounted /vagrant.
[[0;32m  OK  [0m] Stopped D-Bus System Message Bus.
[[0;32m  OK  [0m] Stopped LSB: Set up cgroupfs mounts..
[[0;32m  OK  [0m] Stopped FUSE filesystem for LXC.
[[0;32m  OK  [0m] Stopped LSB: Set the CPU Frequency Scaling governor to "ondemand".
[[0;32m  OK  [0m] Stopped LSB: daemon to balance interrupts for SMP systems.
[[0;32m  OK  [0m] Stopped LXD - container startup/shutdown.
[[0;32m  OK  [0m] Stopped LSB: Record successful boot for GRUB.
[[0;32m  OK  [0m] Stopped LSB: automatic crash report generation.
[[0;32m  OK  [0m] Stopped Virtualbox guest utils.
[[0;32m  OK  [0m] Stopped LSB: MD monitoring daemon.
[[0;32m  OK  [0m] Removed slice User Slice of vagrant.
         Stopping Login Service...
[[0;32m  OK  [0m] Removed slice system-serial\x2dgetty.slice.
         Stopping Permit User Sessions...
[[0;32m  OK  [0m] Stopped /etc/rc.local Compatibility.
[[0;32m  OK  [0m] Removed slice system-getty.slice.
[[0;32m  OK  [0m] Stopped Login Service.
[[0;32m  OK  [0m] Stopped Permit User Sessions.
[[0;32m  OK  [0m] Stopped target Remote File Systems.
[[0;32m  OK  [0m] Stopped target Remote File Systems (Pre).
         Stopping Login to default iSCSI targets...
[[0;32m  OK  [0m] Stopped target Basic System.
[[0;32m  OK  [0m] Stopped target Slices.
[[0;32m  OK  [0m] Stopped target Sockets.
[[0;32m  OK  [0m] Closed UUID daemon activation socket.
[[0;32m  OK  [0m] Closed LXD - unix socket.
[[0;32m  OK  [0m] Closed Socket activation for snappy daemon.
[[0;32m  OK  [0m] Closed Syslog Socket.
[[0;32m  OK  [0m] Closed ACPID Listen Socket.
[[0;32m  OK  [0m] Closed Docker Socket for the API.
[[0;32m  OK  [0m] Stopped target Paths.
[[0;32m  OK  [0m] Stopped ACPI Events Check.
[[0;32m  OK  [0m] Stopped Forward Password Requests to Wall Directory Watch.
[[0;32m  OK  [0m] Stopped Dispatch Password Requests to Console Directory Watch.
[[0;32m  OK  [0m] Removed slice User and Session Slice.
[[0;32m  OK  [0m] Stopped target User and Group Name Lookups.
[[0;32m  OK  [0m] Closed D-Bus System Message Bus Socket.
[[0;32m  OK  [0m] Stopped target System Initialization.
[[0;32m  OK  [0m] Stopped Commit a transient machine-id on disk.
         Stopping Load/Save Random Seed...
[[0;32m  OK  [0m] Stopped target Encrypted Volumes.
[[0;32m  OK  [0m] Stopped target Swap.
         Stopping Update UTMP about System Boot/Shutdown...
[[0;32m  OK  [0m] Stopped Load/Save Random Seed.
[[0;32m  OK  [0m] Stopped Update UTMP about System Boot/Shutdown.
[[0;32m  OK  [0m] Stopped Login to default iSCSI targets.
         Stopping iSCSI initiator daemon (iscsid)...
[[0;32m  OK  [0m] Stopped Create Volatile Files and Directories.
[[0;32m  OK  [0m] Stopped iSCSI initiator daemon (iscsid).
[[0;32m  OK  [0m] Stopped target Network is Online.
[[0;32m  OK  [0m] Stopped Initial cloud-init job (metadata service crawler).
[[0;32m  OK  [0m] Stopped target Network.
         Stopping Raise network interfaces...
[[0;32m  OK  [0m] Stopped Raise network interfaces.
[[0;32m  OK  [0m] Stopped target Local File Systems.
         Unmounting /run/user/1000...
[[0;32m  OK  [0m] Stopped target Network (Pre).
[[0;32m  OK  [0m] Stopped Initial cloud-init job (pre-networking).
[[0;32m  OK  [0m] Stopped Apply Kernel Variables.
[[0;32m  OK  [0m] Stopped Load Kernel Modules.
[[0;32m  OK  [0m] Unmounted /run/user/1000.
[[0;32m  OK  [0m] Reached target Unmount All Filesystems.
[[0;32m  OK  [0m] Stopped target Local File Systems (Pre).
[[0;32m  OK  [0m] Stopped Create Static Device Nodes in /dev.
         Stopping Monitoring of LVM2 mirrors... dmeventd or progress polling...
[[0;32m  OK  [0m] Stopped Remount Root and Kernel File Systems.
[[0;32m  OK  [0m] Reached target Shutdown.
[  292.979710] reboot: Power down
